info it worked if it ends with ok
verbose cli [ 'node',
verbose cli   '/Users/dave/local/node/bin/npm',
verbose cli   'install',
verbose cli   'ogl' ]
info using npm@1.0.15
info using node@v0.4.10-pre
verbose config file /Users/dave/.npmrc
verbose config file /Users/dave/local/node/etc/npmrc
silly testEngine { name: 'connect',
silly testEngine   version: '1.1.3',
silly testEngine   description: 'High performance middleware framework',
silly testEngine   keywords: [ 'framework', 'web', 'middleware', 'connect', 'rack' ],
silly testEngine   repository: 
silly testEngine    { type: 'git',
silly testEngine      url: 'git://github.com/senchalabs/connect.git' },
silly testEngine   author: 
silly testEngine    { name: 'TJ Holowaychuk',
silly testEngine      email: 'tj@vision-media.ca',
silly testEngine      url: 'http://tjholowaychuk.com' },
silly testEngine   dependencies: { qs: '>= 0.0.6', mime: '>= 0.0.1' },
silly testEngine   main: 'index',
silly testEngine   engines: { node: '>= 0.4.1 < 0.5.0' },
silly testEngine   _npmJsonOpts: 
silly testEngine    { file: '/Users/dave/Documents/Arena_Colles/node_modules/connect/package.json',
silly testEngine      wscript: false,
silly testEngine      contributors: false,
silly testEngine      serverjs: false },
silly testEngine   _id: 'connect@1.1.3',
silly testEngine   devDependencies: {},
silly testEngine   _engineSupported: true,
silly testEngine   _npmVersion: '1.0.15',
silly testEngine   _nodeVersion: 'v0.4.10-pre',
silly testEngine   _defaultsLoaded: true }
verbose caching /Users/dave/Documents/Arena_Colles/node_modules/connect/package.json
verbose loadDefaults connect@1.1.3
silly testEngine { name: 'connect-form',
silly testEngine   description: 'urlencoded / multipart form parsing middleware for Connect',
silly testEngine   version: '0.2.0',
silly testEngine   author: 
silly testEngine    { name: 'TJ Holowaychuk',
silly testEngine      email: 'tj@vision-media.ca' },
silly testEngine   dependencies: { formidable: '>= 0.9.3' },
silly testEngine   main: './index.js',
silly testEngine   engines: { node: '>= 0.1.98' },
silly testEngine   _npmJsonOpts: 
silly testEngine    { file: '/Users/dave/Documents/Arena_Colles/node_modules/connect-form/package.json',
silly testEngine      wscript: false,
silly testEngine      contributors: false,
silly testEngine      serverjs: false },
silly testEngine   _id: 'connect-form@0.2.0',
silly testEngine   devDependencies: {},
silly testEngine   _engineSupported: true,
silly testEngine   _npmVersion: '1.0.15',
silly testEngine   _nodeVersion: 'v0.4.10-pre',
silly testEngine   _defaultsLoaded: true }
verbose caching /Users/dave/Documents/Arena_Colles/node_modules/connect-form/package.json
verbose loadDefaults connect-form@0.2.0
silly testEngine { name: 'ejs',
silly testEngine   description: 'Embedded JavaScript templates',
silly testEngine   version: '0.3.1',
silly testEngine   author: 
silly testEngine    { name: 'TJ Holowaychuk',
silly testEngine      email: 'tj@vision-media.ca' },
silly testEngine   keywords: [ 'template', 'engine', 'ejs' ],
silly testEngine   main: './lib/ejs.js',
silly testEngine   _npmJsonOpts: 
silly testEngine    { file: '/Users/dave/Documents/Arena_Colles/node_modules/ejs/package.json',
silly testEngine      wscript: false,
silly testEngine      contributors: false,
silly testEngine      serverjs: false },
silly testEngine   _id: 'ejs@0.3.1',
silly testEngine   dependencies: {},
silly testEngine   devDependencies: {},
silly testEngine   engines: { node: '*' },
silly testEngine   _engineSupported: true,
silly testEngine   _npmVersion: '1.0.15',
silly testEngine   _nodeVersion: 'v0.4.10-pre',
silly testEngine   _defaultsLoaded: true }
verbose caching /Users/dave/Documents/Arena_Colles/node_modules/ejs/package.json
verbose loadDefaults ejs@0.3.1
silly testEngine { name: 'express',
silly testEngine   description: 'Sinatra inspired web development framework',
silly testEngine   version: '2.0.0',
silly testEngine   author: 
silly testEngine    { name: 'TJ Holowaychuk',
silly testEngine      email: 'tj@vision-media.ca' },
silly testEngine   contributors: 
silly testEngine    [ { name: 'TJ Holowaychuk',
silly testEngine        email: 'tj@vision-media.ca' },
silly testEngine      { name: 'Aaron Heckmann',
silly testEngine        email: 'aaron.heckmann+github@gmail.com' },
silly testEngine      { name: 'Ciaran Jessup', email: 'ciaranj@gmail.com' },
silly testEngine      { name: 'Guillermo Rauch', email: 'rauchg@gmail.com' } ],
silly testEngine   dependencies: 
silly testEngine    { connect: '>= 1.1.0 < 2.0.0',
silly testEngine      mime: '>= 0.0.1',
silly testEngine      qs: '>= 0.0.6' },
silly testEngine   keywords: [ 'framework', 'sinatra', 'web', 'rest', 'restful' ],
silly testEngine   main: 'index',
silly testEngine   bin: { express: './bin/express' },
silly testEngine   engines: { node: '>= 0.4.1 < 0.5.0' },
silly testEngine   _npmJsonOpts: 
silly testEngine    { file: '/Users/dave/Documents/Arena_Colles/node_modules/express/package.json',
silly testEngine      wscript: false,
silly testEngine      contributors: false,
silly testEngine      serverjs: false },
silly testEngine   _id: 'express@2.0.0',
silly testEngine   devDependencies: {},
silly testEngine   _engineSupported: true,
silly testEngine   _npmVersion: '1.0.15',
silly testEngine   _nodeVersion: 'v0.4.10-pre',
silly testEngine   _defaultsLoaded: true }
verbose caching /Users/dave/Documents/Arena_Colles/node_modules/express/package.json
verbose loadDefaults express@2.0.0
silly testEngine { name: 'express-messages',
silly testEngine   description: 'Express flash notification message rendering',
silly testEngine   version: '0.0.2',
silly testEngine   author: 
silly testEngine    { name: 'TJ Holowaychuk',
silly testEngine      email: 'tj@vision-media.ca' },
silly testEngine   keywords: [ 'express' ],
silly testEngine   main: 'index',
silly testEngine   engines: { node: '>= 0.2.0' },
silly testEngine   _npmJsonOpts: 
silly testEngine    { file: '/Users/dave/Documents/Arena_Colles/node_modules/express-messages/package.json',
silly testEngine      wscript: false,
silly testEngine      contributors: false,
silly testEngine      serverjs: false },
silly testEngine   _id: 'express-messages@0.0.2',
silly testEngine   dependencies: {},
silly testEngine   devDependencies: {},
silly testEngine   _engineSupported: true,
silly testEngine   _npmVersion: '1.0.15',
silly testEngine   _nodeVersion: 'v0.4.10-pre',
silly testEngine   _defaultsLoaded: true }
verbose caching /Users/dave/Documents/Arena_Colles/node_modules/express-messages/package.json
verbose loadDefaults express-messages@0.0.2
silly testEngine { name: 'forever',
silly testEngine   description: 'A simple CLI tool for ensuring that a given node script runs continuously (i.e. forever)',
silly testEngine   version: '0.4.1',
silly testEngine   author: 
silly testEngine    { name: 'Charlie Robbins',
silly testEngine      email: 'charlie.robbins@gmail.com' },
silly testEngine   contributors: 
silly testEngine    [ { name: 'Fedor Indutny',
silly testEngine        email: 'fedor.indutny@gmail.com' },
silly testEngine      { name: 'James Halliday', email: 'mail@substack.net' } ],
silly testEngine   repository: 
silly testEngine    { type: 'git',
silly testEngine      url: 'git://github.com/indexzero/forever.git' },
silly testEngine   keywords: [ 'cli', 'fault tolerant', 'sysadmin', 'tools' ],
silly testEngine   dependencies: 
silly testEngine    { async: '>= 0.1.8',
silly testEngine      colors: '>= 0.3.0',
silly testEngine      daemon: '>= 0.3.0',
silly testEngine      optimist: '>= 0.0.6',
silly testEngine      timespan: '>= 2.0.0',
silly testEngine      vows: '>= 0.5.2',
silly testEngine      winston: '>= 0.2.1' },
silly testEngine   bin: { forever: './bin/forever' },
silly testEngine   main: './lib/forever',
silly testEngine   scripts: { test: 'vows test/*-test.js --spec' },
silly testEngine   engines: { node: '>= 0.4.0' },
silly testEngine   _npmJsonOpts: 
silly testEngine    { file: '/Users/dave/Documents/Arena_Colles/node_modules/forever/package.json',
silly testEngine      wscript: false,
silly testEngine      contributors: false,
silly testEngine      serverjs: false },
silly testEngine   _id: 'forever@0.4.1',
silly testEngine   devDependencies: {},
silly testEngine   _engineSupported: true,
silly testEngine   _npmVersion: '1.0.15',
silly testEngine   _nodeVersion: 'v0.4.10-pre',
silly testEngine   _defaultsLoaded: true }
verbose caching /Users/dave/Documents/Arena_Colles/node_modules/forever/package.json
verbose loadDefaults forever@0.4.1
silly testEngine { name: 'lingo',
silly testEngine   description: 'linguistics module sporting inflection and more',
silly testEngine   version: '0.0.4',
silly testEngine   author: 
silly testEngine    { name: 'TJ Holowaychuk',
silly testEngine      email: 'tj@vision-media.ca' },
silly testEngine   keywords: [ 'language', 'linguistics', 'inflection' ],
silly testEngine   main: './index.js',
silly testEngine   engines: { node: '>= 0.2.0' },
silly testEngine   _npmJsonOpts: 
silly testEngine    { file: '/Users/dave/Documents/Arena_Colles/node_modules/lingo/package.json',
silly testEngine      wscript: false,
silly testEngine      contributors: false,
silly testEngine      serverjs: false },
silly testEngine   _id: 'lingo@0.0.4',
silly testEngine   dependencies: {},
silly testEngine   devDependencies: {},
silly testEngine   _engineSupported: true,
silly testEngine   _npmVersion: '1.0.15',
silly testEngine   _nodeVersion: 'v0.4.10-pre',
silly testEngine   _defaultsLoaded: true }
verbose caching /Users/dave/Documents/Arena_Colles/node_modules/lingo/package.json
verbose loadDefaults lingo@0.0.4
silly testEngine { name: 'mongodb',
silly testEngine   description: 'A node.js driver for MongoDB',
silly testEngine   version: '0.9.6-4',
silly testEngine   author: 
silly testEngine    { name: 'Christian Amor Kvalheim',
silly testEngine      email: 'christkv@gmail.com' },
silly testEngine   contributors: 
silly testEngine    [ { name: 'Nathan White', email: 'nw@nwhite.net' },
silly testEngine      { name: 'Adam Wiggins', email: 'adam@heroku.com' },
silly testEngine      { name: 'Ian Millington',
silly testEngine        email: 'idmillington@googlemail.com' },
silly testEngine      { name: 'Aaron Heckmann',
silly testEngine        email: 'aaron.heckmann+github@gmail.com' },
silly testEngine      { name: 'Ciaran Jessup', email: 'ciaranj@gmail.com' },
silly testEngine      { name: 'Christoph Pojer' },
silly testEngine      { name: 'Erik Abele' },
silly testEngine      { name: 'Henrik Johansson',
silly testEngine        email: 'dahankzter@gmail.com' } ],
silly testEngine   repository: 
silly testEngine    { type: 'git',
silly testEngine      url: 'git://github.com/christkv/node-mongodb-native.git' },
silly testEngine   bugs: 
silly testEngine    { email: 'node-mongodb-native@googlegroups.com',
silly testEngine      url: 'http://github.com/christkv/node-mongodb-native/issues' },
silly testEngine   os: [ 'linux', 'darwin', 'freebsd' ],
silly testEngine   main: './lib/mongodb/index',
silly testEngine   directories: { lib: './lib/mongodb' },
silly testEngine   engines: { node: '>=0.4.0' },
silly testEngine   scripts: { install: 'bash ./install.sh' },
silly testEngine   licenses: 
silly testEngine    [ { type: 'Apache License, Version 2.0',
silly testEngine        url: 'http://www.apache.org/licenses/LICENSE-2.0' } ],
silly testEngine   _npmJsonOpts: 
silly testEngine    { file: '/Users/dave/Documents/Arena_Colles/node_modules/mongodb/package.json',
silly testEngine      wscript: false,
silly testEngine      contributors: false,
silly testEngine      serverjs: false },
silly testEngine   _id: 'mongodb@0.9.6-4',
silly testEngine   dependencies: {},
silly testEngine   devDependencies: {},
silly testEngine   _engineSupported: true,
silly testEngine   _npmVersion: '1.0.15',
silly testEngine   _nodeVersion: 'v0.4.10-pre',
silly testEngine   _defaultsLoaded: true }
verbose caching /Users/dave/Documents/Arena_Colles/node_modules/mongodb/package.json
verbose loadDefaults mongodb@0.9.6-4
silly testEngine { name: 'mongolian',
silly testEngine   description: 'Mongolian DeadBeef is an awesome Mongo DB node.js driver',
silly testEngine   version: '0.1.10',
silly testEngine   homepage: 'https://github.com/marcello3d/node-mongolian',
silly testEngine   repository: 
silly testEngine    { type: 'git',
silly testEngine      url: 'git://github.com/marcello3d/node-mongolian.git' },
silly testEngine   author: 
silly testEngine    { name: 'Marcello Bastéa-Forte',
silly testEngine      email: 'marcello@cellosoft.com',
silly testEngine      url: 'http://marcello.cellosoft.com/' },
silly testEngine   main: 'mongolian.js',
silly testEngine   keywords: [ 'mongo', 'mongodb', 'database', 'db', 'nosql' ],
silly testEngine   dependencies: 
silly testEngine    { mongodb: '>=0.9.6-1',
silly testEngine      waiter: '0.1.1',
silly testEngine      taxman: '0.1.0' },
silly testEngine   devDependencies: { vows: '~0.5' },
silly testEngine   scripts: { test: 'node_modules/.bin/vows --spec' },
silly testEngine   engines: { node: '>=0.4.0' },
silly testEngine   _npmJsonOpts: 
silly testEngine    { file: '/Users/dave/Documents/Arena_Colles/node_modules/mongolian/package.json',
silly testEngine      wscript: false,
silly testEngine      contributors: false,
silly testEngine      serverjs: false },
silly testEngine   _id: 'mongolian@0.1.10',
silly testEngine   _engineSupported: true,
silly testEngine   _npmVersion: '1.0.15',
silly testEngine   _nodeVersion: 'v0.4.10-pre',
silly testEngine   _defaultsLoaded: true }
verbose caching /Users/dave/Documents/Arena_Colles/node_modules/mongolian/package.json
verbose loadDefaults mongolian@0.1.10
silly testEngine { name: 'mongoose',
silly testEngine   description: 'Mongoose MongoDB ORM',
silly testEngine   version: '1.1.25',
silly testEngine   author: 
silly testEngine    { name: 'Guillermo Rauch',
silly testEngine      email: 'guillermo@learnboost.com' },
silly testEngine   keywords: 
silly testEngine    [ 'mongodb',
silly testEngine      'mongoose',
silly testEngine      'orm',
silly testEngine      'data',
silly testEngine      'datastore',
silly testEngine      'nosql' ],
silly testEngine   dependencies: {},
silly testEngine   directories: { lib: './lib/mongoose' },
silly testEngine   scripts: { test: 'make test' },
silly testEngine   main: './index.js',
silly testEngine   engines: { node: '>= 0.2.0' },
silly testEngine   _npmJsonOpts: 
silly testEngine    { file: '/Users/dave/Documents/Arena_Colles/node_modules/mongoose/package.json',
silly testEngine      wscript: false,
silly testEngine      contributors: false,
silly testEngine      serverjs: false },
silly testEngine   _id: 'mongoose@1.1.25',
silly testEngine   devDependencies: {},
silly testEngine   _engineSupported: true,
silly testEngine   _npmVersion: '1.0.15',
silly testEngine   _nodeVersion: 'v0.4.10-pre',
silly testEngine   _defaultsLoaded: true }
verbose caching /Users/dave/Documents/Arena_Colles/node_modules/mongoose/package.json
verbose loadDefaults mongoose@1.1.25
silly testEngine { name: 'socket.io',
silly testEngine   description: 'The cross-browser WebSocket',
silly testEngine   version: '0.6.16',
silly testEngine   author: { name: 'LearnBoost' },
silly testEngine   licenses: 
silly testEngine    [ { type: 'MIT',
silly testEngine        url: 'http://github.com/learnboost/Socket.IO-node/raw/master/README.md' } ],
silly testEngine   repository: 
silly testEngine    { type: 'git',
silly testEngine      url: 'git://github.com/learnboost/Socket.IO-node.git' },
silly testEngine   engine: [ 'node >=0.1.102' ],
silly testEngine   main: './index',
silly testEngine   scripts: { test: 'make test' },
silly testEngine   _npmJsonOpts: 
silly testEngine    { file: '/Users/dave/Documents/Arena_Colles/node_modules/socket.io/package.json',
silly testEngine      wscript: false,
silly testEngine      contributors: false,
silly testEngine      serverjs: false },
silly testEngine   _id: 'socket.io@0.6.16',
silly testEngine   dependencies: {},
silly testEngine   devDependencies: {},
silly testEngine   engines: { node: '*' },
silly testEngine   _engineSupported: true,
silly testEngine   _npmVersion: '1.0.15',
silly testEngine   _nodeVersion: 'v0.4.10-pre',
silly testEngine   _defaultsLoaded: true }
verbose caching /Users/dave/Documents/Arena_Colles/node_modules/socket.io/package.json
verbose loadDefaults socket.io@0.6.16
silly testEngine { name: 'underscore',
silly testEngine   description: 'JavaScript\'s functional programming helper library.',
silly testEngine   homepage: 'http://documentcloud.github.com/underscore/',
silly testEngine   keywords: [ 'util', 'functional', 'server', 'client', 'browser' ],
silly testEngine   author: 
silly testEngine    { name: 'Jeremy Ashkenas',
silly testEngine      email: 'jeremy@documentcloud.org' },
silly testEngine   contributors: [],
silly testEngine   dependencies: {},
silly testEngine   repository: 
silly testEngine    { type: 'git',
silly testEngine      url: 'git://github.com/documentcloud/underscore.git' },
silly testEngine   main: 'underscore.js',
silly testEngine   version: '1.1.6',
silly testEngine   _npmJsonOpts: 
silly testEngine    { file: '/Users/dave/Documents/Arena_Colles/node_modules/underscore/package.json',
silly testEngine      wscript: false,
silly testEngine      contributors: false,
silly testEngine      serverjs: false },
silly testEngine   _id: 'underscore@1.1.6',
silly testEngine   devDependencies: {},
silly testEngine   engines: { node: '*' },
silly testEngine   _engineSupported: true,
silly testEngine   _npmVersion: '1.0.15',
silly testEngine   _nodeVersion: 'v0.4.10-pre',
silly testEngine   _defaultsLoaded: true }
verbose caching /Users/dave/Documents/Arena_Colles/node_modules/underscore/package.json
verbose loadDefaults underscore@1.1.6
silly testEngine { name: 'underscore.string',
silly testEngine   version: '1.1.4',
silly testEngine   description: 'String manipulation extensions for Underscore.js javascript library.',
silly testEngine   homepage: 'https://github.com/edtsech/underscore.string',
silly testEngine   contributors: 
silly testEngine    [ { name: 'Esa-Matti Suuronen',
silly testEngine        email: 'esa-matti@suuronen.org',
silly testEngine        url: 'http://esa-matti.suuronen.org/' },
silly testEngine      { name: 'Edward Tsech', email: 'edtsech@gmail.com' },
silly testEngine      { name: 'Sasha Koss',
silly testEngine        email: 'kossnocorp@gmail.com',
silly testEngine        url: 'http://koss.nocorp.me/' },
silly testEngine      { name: 'Vladimir Dronnikov',
silly testEngine        email: 'dronnikov@gmail.com' },
silly testEngine      { name: 'Pete Kruckenberg',
silly testEngine        email: 'https://github.com/kruckenb',
silly testEngine        url: '<https://github.com/kruckenb>' },
silly testEngine      { name: 'Paul Chavard',
silly testEngine        email: 'paul@chavard.net',
silly testEngine        url: '<http://tchak.net>' },
silly testEngine      { name: 'Ed Finkler',
silly testEngine        email: 'coj@funkatron.com',
silly testEngine        url: '<http://funkatron.com>' } ],
silly testEngine   keywords: [ 'underscore', 'string' ],
silly testEngine   main: './lib/underscore.string',
silly testEngine   directories: { lib: './lib' },
silly testEngine   engines: { node: '*' },
silly testEngine   dependencies: { underscore: '1.1.6' },
silly testEngine   repository: 
silly testEngine    { type: 'git',
silly testEngine      url: 'git://github.com/edtsech/underscore.string.git' },
silly testEngine   bugs: { url: 'https://github.com/edtsech/underscore.string/issues' },
silly testEngine   licenses: [ { type: 'MIT' } ],
silly testEngine   _npmJsonOpts: 
silly testEngine    { file: '/Users/dave/Documents/Arena_Colles/node_modules/underscore.string/package.json',
silly testEngine      wscript: false,
silly testEngine      contributors: false,
silly testEngine      serverjs: false },
silly testEngine   _id: 'underscore.string@1.1.4',
silly testEngine   devDependencies: {},
silly testEngine   _engineSupported: true,
silly testEngine   _npmVersion: '1.0.15',
silly testEngine   _nodeVersion: 'v0.4.10-pre',
silly testEngine   _defaultsLoaded: true }
verbose caching /Users/dave/Documents/Arena_Colles/node_modules/underscore.string/package.json
verbose loadDefaults underscore.string@1.1.4
verbose has wscript [ undefined,
verbose has wscript   { file: '/Users/dave/Documents/Arena_Colles/node_modules/canvas/package.json',
verbose has wscript     contributors: false,
verbose has wscript     serverjs: false,
verbose has wscript     wscript: true } ]
silly testEngine { name: 'canvas',
silly testEngine   description: 'Canvas graphics API backed by Cairo',
silly testEngine   version: '0.6.0',
silly testEngine   author: { name: 'TJ Holowaychuk', email: 'tj@learnboost.com' },
silly testEngine   keywords: [ 'canvas', 'graphic', 'graphics', 'pixman', 'cairo' ],
silly testEngine   repository: 
silly testEngine    { type: 'git',
silly testEngine      url: 'git://github.com/learnboost/node-canvas.git' },
silly testEngine   scripts: { preinstall: 'node-waf configure build' },
silly testEngine   devDependencies: { express: '2.3.7', expresso: '0.7.6', jade: '0.11.0' },
silly testEngine   engines: { node: '0.4.x' },
silly testEngine   main: './lib/canvas.js',
silly testEngine   _npmJsonOpts: 
silly testEngine    { file: '/Users/dave/Documents/Arena_Colles/node_modules/canvas/package.json',
silly testEngine      contributors: false,
silly testEngine      serverjs: false,
silly testEngine      wscript: true },
silly testEngine   _id: 'canvas@0.6.0',
silly testEngine   dependencies: {},
silly testEngine   _engineSupported: true,
silly testEngine   _npmVersion: '1.0.15',
silly testEngine   _nodeVersion: 'v0.4.10-pre',
silly testEngine   _defaultsLoaded: true }
verbose caching /Users/dave/Documents/Arena_Colles/node_modules/canvas/package.json
verbose loadDefaults canvas@0.6.0
verbose into /Users/dave/Documents/Arena_Colles [ 'ogl' ]
verbose cache add [ 'ogl', null ]
info addNamed [ 'ogl', '' ]
verbose addNamed [ null, '' ]
verbose GET ogl
verbose raw, before any munging ogl
verbose url resolving [ 'http://registry.npmjs.org/', './ogl' ]
verbose url resolved http://registry.npmjs.org/ogl
verbose url parsed { protocol: 'http:',
verbose url parsed   slashes: true,
verbose url parsed   host: 'registry.npmjs.org',
verbose url parsed   hostname: 'registry.npmjs.org',
verbose url parsed   href: 'http://registry.npmjs.org/ogl',
verbose url parsed   pathname: '/ogl' }
verbose response http://registry.npmjs.org/ogl
silly chunk {"error":"not_found","reason":"document not found"}
silly chunk 
silly get cb [ 404,
silly get cb   { server: 'CouchDB/1.1.0 (Erlang OTP/R14B03)',
silly get cb     date: 'Tue, 19 Jul 2011 02:38:02 GMT',
silly get cb     'content-type': 'application/json',
silly get cb     'content-length': '52',
silly get cb     'cache-control': 'must-revalidate' } ]
ERR! 404 'ogl' is not in the npm registry.
ERR! 404 You should bug the author to publish it.
ERR! 404 Note that you can also install from a tarball or folder.
ERR! 
ERR! System Darwin 10.8.0
ERR! command "node" "/Users/dave/local/node/bin/npm" "install" "ogl"
verbose exit [ 1, true ]
